app/build/outputs/logs/manifest-merger-debug-report.txt
-- Merging decision tree log ---
manifest
ADDED from src/main/AndroidManifest.xml:16:1-52:12
	package
		ADDED from src/main/AndroidManifest.xml:17:5-41
		INJECTED from src/main/AndroidManifest.xml
		INJECTED from src/main/AndroidManifest.xml
	android:versionName
		ADDED from src/main/AndroidManifest.xml:19:5-30
		INJECTED from src/main/AndroidManifest.xml
		INJECTED from src/main/AndroidManifest.xml
	android:versionCode
		ADDED from src/main/AndroidManifest.xml:18:5-28
		INJECTED from src/main/AndroidManifest.xml
		INJECTED from src/main/AndroidManifest.xml
	xmlns:android
		ADDED from src/main/AndroidManifest.xml:16:11-69
uses-sdk
ADDED from src/main/AndroidManifest.xml:21:5-23:41
MERGED from [:common:] AndroidManifest.xml:3:5-73
MERGED from [:base:] AndroidManifest.xml:5:5-73
MERGED from [:commonwidget:] AndroidManifest.xml:3:5-73
MERGED from [:panowidget:] AndroidManifest.xml:3:5-73
MERGED from [:videowidget:] AndroidManifest.xml:3:5-73
	android:targetSdkVersion
		ADDED from src/main/AndroidManifest.xml:23:9-38
		INJECTED from src/main/AndroidManifest.xml
		INJECTED from src/main/AndroidManifest.xml
	android:minSdkVersion
		ADDED from src/main/AndroidManifest.xml:22:9-34
		INJECTED from src/main/AndroidManifest.xml
		INJECTED from src/main/AndroidManifest.xml
uses-permission#android.permission.ACCESS_COARSE_LOCATION
ADDED from src/main/AndroidManifest.xml:26:5-81
	android:name
		ADDED from src/main/AndroidManifest.xml:26:22-78
uses-permission#android.permission.ACCESS_FINE_LOCATION
ADDED from src/main/AndroidManifest.xml:27:5-79
	android:name
		ADDED from src/main/AndroidManifest.xml:27:22-76
uses-feature#0x00020000
ADDED from src/main/AndroidManifest.xml:30:5-32:35
MERGED from [:base:] AndroidManifest.xml:6:5-77
	android:glEsVersion
		ADDED from src/main/AndroidManifest.xml:31:9-41
	android:required
		ADDED from src/main/AndroidManifest.xml:32:9-32
application
ADDED from src/main/AndroidManifest.xml:34:5-50:19
MERGED from [:controller:] AndroidManifest.xml:5:5-6:19
	android:label
		ADDED from src/main/AndroidManifest.xml:37:9-41
	android:supportsRtl
		ADDED from src/main/AndroidManifest.xml:38:9-35
	android:allowBackup
		ADDED from src/main/AndroidManifest.xml:35:9-35
	android:icon
		ADDED from src/main/AndroidManifest.xml:36:9-45
activity#com.example.android.opengl.OpenGLES20Activity
ADDED from src/main/AndroidManifest.xml:40:9-49:20
	android:screenOrientation
		ADDED from src/main/AndroidManifest.xml:43:13-56
	android:label
		ADDED from src/main/AndroidManifest.xml:42:13-45
	android:name
		ADDED from src/main/AndroidManifest.xml:41:13-73
intent-filter#android.intent.action.MAIN+android.intent.category.LAUNCHER
ADDED from src/main/AndroidManifest.xml:44:13-48:29
action#android.intent.action.MAIN
ADDED from src/main/AndroidManifest.xml:45:17-69
	android:name
		ADDED from src/main/AndroidManifest.xml:45:25-66
category#android.intent.category.LAUNCHER
ADDED from src/main/AndroidManifest.xml:47:17-77
	android:name
		ADDED from src/main/AndroidManifest.xml:47:27-74
uses-permission#android.permission.READ_EXTERNAL_STORAGE
ADDED from [:base:] AndroidManifest.xml:9:5-79
	android:name
		ADDED from [:base:] AndroidManifest.xml:9:22-77
uses-permission#android.permission.WRITE_EXTERNAL_STORAGE
ADDED from [:base:] AndroidManifest.xml:10:5-80
	android:name
		ADDED from [:base:] AndroidManifest.xml:10:22-78
uses-permission#android.permission.NFC
ADDED from [:base:] AndroidManifest.xml:12:5-61
	android:name
		ADDED from [:base:] AndroidManifest.xml:12:22-59
uses-feature#android.software.vr.mode
ADDED from [:base:] AndroidManifest.xml:15:5-85
	android:required
		ADDED from [:base:] AndroidManifest.xml:15:59-83
	android:name
		ADDED from [:base:] AndroidManifest.xml:15:19-58
uses-feature#android.hardware.vr.high_performance
ADDED from [:base:] AndroidManifest.xml:17:5-97
	android:required
		ADDED from [:base:] AndroidManifest.xml:17:71-95
	android:name
		ADDED from [:base:] AndroidManifest.xml:17:19-70
android:uses-permission#android.permission.READ_EXTERNAL_STORAGE
IMPLIED from src/main/AndroidManifest.xml:16:1-52:12 reason: com.google.vr.sdk.base requested WRITE_EXTERNAL_STORAGE
android:uses-permission#android.permission.READ_PHONE_STATE
IMPLIED from src/main/AndroidManifest.xml:16:1-52:12 reason: com.google.vr.sdk.controller has a targetSdkVersion < 4